\\ctstudent2\studentusers\100369891\desktop\grafix 1\tinyraster(1)\tinyraster\tinyraster\release\vc140.pdb
\\ctstudent2\studentusers\100369891\desktop\grafix 1\tinyraster(1)\tinyraster\tinyraster\release\vector4.obj
\\ctstudent2\studentusers\100369891\desktop\grafix 1\tinyraster(1)\tinyraster\tinyraster\release\vector3.obj
\\ctstudent2\studentusers\100369891\desktop\grafix 1\tinyraster(1)\tinyraster\tinyraster\release\vector2.obj
\\ctstudent2\studentusers\100369891\desktop\grafix 1\tinyraster(1)\tinyraster\tinyraster\release\tinyrastermain.obj
\\ctstudent2\studentusers\100369891\desktop\grafix 1\tinyraster(1)\tinyraster\tinyraster\release\appwindow.obj
\\ctstudent2\studentusers\100369891\desktop\grafix 1\tinyraster(1)\tinyraster\tinyraster\release\testapplication.obj
\\ctstudent2\studentusers\100369891\desktop\grafix 1\tinyraster(1)\tinyraster\tinyraster\release\framebuffer.obj
\\ctstudent2\studentusers\100369891\desktop\grafix 1\tinyraster(1)\tinyraster\tinyraster\release\assignmenttests.obj
\\ctstudent2\studentusers\100369891\desktop\grafix 1\tinyraster(1)\tinyraster\tinyraster\release\rasterizer.obj
\\ctstudent2\studentusers\100369891\desktop\grafix 1\tinyraster(1)\tinyraster\tinyraster\release\tinyraster.res
\\ctstudent2\studentusers\100369891\desktop\grafix 1\tinyraster(1)\tinyraster\release\tinyraster.pdb
\\ctstudent2\studentusers\100369891\desktop\grafix 1\tinyraster(1)\tinyraster\release\tinyraster.exe
\\ctstudent2\studentusers\100369891\desktop\grafix 1\tinyraster(1)\tinyraster\tinyraster\release\tinyraster.tlog\cl.command.1.tlog
\\ctstudent2\studentusers\100369891\desktop\grafix 1\tinyraster(1)\tinyraster\tinyraster\release\tinyraster.tlog\cl.read.1.tlog
\\ctstudent2\studentusers\100369891\desktop\grafix 1\tinyraster(1)\tinyraster\tinyraster\release\tinyraster.tlog\cl.write.1.tlog
\\ctstudent2\studentusers\100369891\desktop\grafix 1\tinyraster(1)\tinyraster\tinyraster\release\tinyraster.tlog\link.command.1.tlog
\\ctstudent2\studentusers\100369891\desktop\grafix 1\tinyraster(1)\tinyraster\tinyraster\release\tinyraster.tlog\link.read.1.tlog
\\ctstudent2\studentusers\100369891\desktop\grafix 1\tinyraster(1)\tinyraster\tinyraster\release\tinyraster.tlog\link.write.1.tlog
\\ctstudent2\studentusers\100369891\desktop\grafix 1\tinyraster(1)\tinyraster\tinyraster\release\tinyraster.tlog\rc.command.1.tlog
\\ctstudent2\studentusers\100369891\desktop\grafix 1\tinyraster(1)\tinyraster\tinyraster\release\tinyraster.tlog\rc.read.1.tlog
\\ctstudent2\studentusers\100369891\desktop\grafix 1\tinyraster(1)\tinyraster\tinyraster\release\tinyraster.tlog\rc.write.1.tlog
